{"ts":1759515233011,"action":"IDE_ACTIVATED"}
{"ts":1759515252556,"action":"IDE_DEACTIVATED"}
{"ts":1759515263297,"action":"IDE_ACTIVATED"}
{"ts":1759515267887,"action":"FILE_OPENED","file":"/.gitignore","tags":{"FILE_LINE_OF_CODE":"7"}}
{"ts":1759515271960,"action":"FILE_CLOSED","file":"/.gitignore","tags":{"FILE_LINE_OF_CODE":"7"}}
{"ts":1759515280510,"action":"FILE_OPENED","file":"/readme.md","tags":{"FILE_LINE_OF_CODE":"0"}}
{"ts":1759515282219,"action":"IDE_DEACTIVATED"}
{"ts":1759515321184,"action":"IDE_ACTIVATED"}
{"ts":1759515328898,"action":"IDE_DEACTIVATED"}
{"ts":1759515329571,"action":"IDE_ACTIVATED"}
{"ts":1759515331546,"action":"IDE_DEACTIVATED"}
{"ts":1759515336456,"action":"IDE_ACTIVATED"}
{"ts":1759515341594,"action":"IDE_DEACTIVATED"}
{"ts":1759515343042,"action":"IDE_ACTIVATED"}
{"ts":1759515344027,"action":"IDE_DEACTIVATED"}
{"ts":1759515345797,"action":"IDE_ACTIVATED"}
{"ts":1759515350374,"action":"IDE_DEACTIVATED"}
{"ts":1759515351934,"action":"IDE_ACTIVATED"}
{"ts":1759515355497,"action":"IDE_DEACTIVATED"}
{"ts":1759515357074,"action":"IDE_ACTIVATED"}
{"ts":1759515362569,"action":"IDE_DEACTIVATED"}
{"ts":1759515394340,"action":"IDE_ACTIVATED"}
{"ts":1759515395714,"action":"FILE_CLOSED","file":"/readme.md","tags":{"FILE_LINE_OF_CODE":"1"}}
{"ts":1759515395714,"action":"FILE_OPENED","file":"/tests/test_call_scrape_shopee_product_id.py","tags":{"FILE_LINE_OF_CODE":"21"}}
{"ts":1759515400095,"action":"FILE_CLOSED","file":"/tests/test_call_scrape_shopee_product_id.py","tags":{"FILE_LINE_OF_CODE":"21"}}
{"ts":1759515400095,"action":"FILE_OPENED","file":"/tests/test_call_scrape_shopee_product_th.py","tags":{"FILE_LINE_OF_CODE":"21"}}
{"ts":1759515405530,"action":"FILE_CLOSED","file":"/tests/test_call_scrape_shopee_product_th.py","tags":{"FILE_LINE_OF_CODE":"21"}}
{"ts":1759515405530,"action":"FILE_OPENED","file":"/tests/test_call_scrape_shopee_product_vn.py","tags":{"FILE_LINE_OF_CODE":"21"}}
{"ts":1759515410109,"action":"FILE_CLOSED","file":"/tests/test_call_scrape_shopee_product_vn.py","tags":{"FILE_LINE_OF_CODE":"21"}}
{"ts":1759515410109,"action":"FILE_OPENED","file":"/tests/test_call_scrape_shopee_product_tw.py","tags":{"FILE_LINE_OF_CODE":"21"}}
{"ts":1759515414277,"action":"FILE_CLOSED","file":"/tests/test_call_scrape_shopee_product_tw.py","tags":{"FILE_LINE_OF_CODE":"21"}}
{"ts":1759515414277,"action":"FILE_OPENED","file":"/tests/check_user_info.py","tags":{"FILE_LINE_OF_CODE":"12"}}
{"ts":1759515417668,"action":"IDE_DEACTIVATED"}
{"ts":1759515466097,"action":"IDE_ACTIVATED"}
{"ts":1759515474232,"action":"FILE_CLOSED","file":"/tests/check_user_info.py","tags":{"FILE_LINE_OF_CODE":"12"}}
{"ts":1759515474232,"action":"FILE_OPENED","file":"/readme.md","tags":{"FILE_LINE_OF_CODE":"1"}}
{"ts":1759515483838,"action":"IDE_DEACTIVATED"}
{"ts":1759515489882,"action":"IDE_ACTIVATED"}
{"ts":1759515490257,"action":"IDE_DEACTIVATED"}
{"ts":1759515510771,"action":"IDE_ACTIVATED"}
{"ts":1759515547797,"action":"IDE_DEACTIVATED"}
{"ts":1759515842068,"action":"IDE_ACTIVATED"}
{"ts":1759516014461,"action":"IDE_DEACTIVATED"}
{"ts":1759516080252,"action":"IDE_ACTIVATED"}
{"ts":1759516186349,"action":"IDE_DEACTIVATED"}
{"ts":1759516190573,"action":"IDE_ACTIVATED"}
{"ts":1759516312413,"action":"IDE_DEACTIVATED"}
{"ts":1759516328822,"action":"IDE_ACTIVATED"}
{"ts":1759516330071,"action":"FILE_CLOSED","file":"/readme.md","tags":{"FILE_LINE_OF_CODE":"39"}}
{"ts":1759516330071,"action":"FILE_OPENED","file":"/tests/test_call_scrape_shopee_product_th.py","tags":{"FILE_LINE_OF_CODE":"21"}}
{"ts":1759516334831,"action":"FILE_CLOSED","file":"/tests/test_call_scrape_shopee_product_th.py","tags":{"FILE_LINE_OF_CODE":"21"}}
{"ts":1759516334831,"action":"FILE_OPENED","file":"/tests/test_call_scrape_shopee_product_tw.py","tags":{"FILE_LINE_OF_CODE":"21"}}
{"ts":1759516346663,"action":"FILE_CLOSED","file":"/tests/test_call_scrape_shopee_product_tw.py","tags":{"FILE_LINE_OF_CODE":"21"}}
{"ts":1759516346663,"action":"FILE_OPENED","file":"/readme.md","tags":{"FILE_LINE_OF_CODE":"39"}}
{"ts":1759516387958,"action":"IDE_DEACTIVATED"}
{"ts":1759516399533,"action":"IDE_ACTIVATED"}
{"ts":1759516485023,"action":"IDE_DEACTIVATED"}
{"ts":1759516527042,"action":"IDE_ACTIVATED"}
{"ts":1759516530579,"action":"FILE_CLOSED","file":"/readme.md","tags":{"FILE_LINE_OF_CODE":"39"}}
{"ts":1759516530579,"action":"FILE_OPENED","file":"/tests/output/result_12cc1728-2a9a-4945-b7b2-c2a9bbcfb0ee_shopee_id.json","tags":{"FILE_LINE_OF_CODE":"2264"}}
{"ts":1759516532338,"action":"FILE_CLOSED","file":"/tests/output/result_12cc1728-2a9a-4945-b7b2-c2a9bbcfb0ee_shopee_id.json","tags":{"FILE_LINE_OF_CODE":"2264"}}
{"ts":1759516532338,"action":"FILE_OPENED","file":"/readme.md","tags":{"FILE_LINE_OF_CODE":"39"}}
{"ts":1759516606116,"action":"IDE_DEACTIVATED"}
{"ts":1759516710295,"action":"IDE_ACTIVATED"}
{"ts":1759516723849,"action":"IDE_DEACTIVATED"}
{"ts":1759516729315,"action":"IDE_ACTIVATED"}
{"ts":1759516898378,"action":"IDE_DEACTIVATED"}
